app/components/ui/DataTable.tsx(201,22): error TS2769: No overload matches this call.
  Overload 1 of 3, '(props: { href: string; } & TableSortLabelOwnProps & TableSortLabelSlotsAndSlotProps & Omit<ButtonBaseOwnProps, "classes"> & CommonProps & Omit<...>): Element', gave the following error.
    Property 'href' is missing in type '{ children: string; active: boolean; direction: "desc" | "asc" | undefined; onClick: () => void; }' but required in type '{ href: string; }'.
  Overload 2 of 3, '(props: { component: ElementType<any, keyof IntrinsicElements>; } & TableSortLabelOwnProps & TableSortLabelSlotsAndSlotProps & Omit<...> & CommonProps & Omit<...>): Element | null', gave the following error.
    Property 'component' is missing in type '{ children: string; active: boolean; direction: "desc" | "asc" | undefined; onClick: () => void; }' but required in type '{ component: ElementType<any, keyof IntrinsicElements>; }'.
  Overload 3 of 3, '(props: DefaultComponentProps<ExtendButtonBaseTypeMap<TableSortLabelTypeMap<{}, "span">>>): Element | null', gave the following error.
    Type '{ children: string; active: boolean; direction: "desc" | "asc" | undefined; onClick: () => void; }' is not assignable to type 'TableSortLabelOwnProps' with 'exactOptionalPropertyTypes: true'. Consider adding 'undefined' to the types of the target's properties.
      Types of property 'direction' are incompatible.
        Type '"desc" | "asc" | undefined' is not assignable to type '"desc" | "asc"'.
          Type 'undefined' is not assignable to type '"desc" | "asc"'.
app/components/ui/DatePicker.tsx(3,31): error TS6133: 'ReactNode' is declared but its value is never read.
app/components/ui/DatePicker.tsx(36,25): error TS2345: Argument of type 'string | undefined' is not assignable to parameter of type 'string'.
  Type 'undefined' is not assignable to type 'string'.
app/components/ui/DatePicker.tsx(37,26): error TS2345: Argument of type 'string | undefined' is not assignable to parameter of type 'string'.
  Type 'undefined' is not assignable to type 'string'.
app/components/ui/DatePicker.tsx(38,24): error TS2345: Argument of type 'string | undefined' is not assignable to parameter of type 'string'.
  Type 'undefined' is not assignable to type 'string'.
app/components/ui/DatePicker.tsx(215,10): error TS2375: Type '{ label: string | undefined; helpText: string | undefined; error: string | undefined; value: string; onChange: (e: ChangeEvent<HTMLInputElement>) => void; ... 302 more ...; step?: string | ... 1 more ... | undefined; }' is not assignable to type 'Omit<Props, "ref">' with 'exactOptionalPropertyTypes: true'. Consider adding 'undefined' to the types of the target's properties.
  Types of property 'style' are incompatible.
    Type 'CSSProperties | undefined' is not assignable to type 'CSSProperties'.
      Type 'undefined' is not assignable to type 'Properties<string | number, string & {}>'.
app/components/ui/Drawer.tsx(26,3): error TS6133: 'closeOnOverlayClick' is declared but its value is never read.
app/components/ui/Drawer.tsx(39,6): error TS2375: Type '{ children: Element; anchor: "bottom" | "left" | "right" | "top"; open: boolean; onClose: () => void; variant: "temporary"; className: string | undefined; PaperProps: { sx: { width: string | number; ... 5 more ...; boxShadow: "0 25px 50px -12px rgba(0, 0, 0, 0.25)"; }; }; slotProps: { ...; }; }' is not assignable to type 'DrawerProps' with 'exactOptionalPropertyTypes: true'. Consider adding 'undefined' to the types of the target's properties.
  Types of property 'className' are incompatible.
    Type 'string | undefined' is not assignable to type 'string'.
      Type 'undefined' is not assignable to type 'string'.
app/components/ui/Dropdown.tsx(35,3): error TS6133: 'placement' is declared but its value is never read.
app/components/ui/Dropdown.tsx(63,8): error TS2375: Type '{ children: string; variant: "secondary"; rightIcon: Element; onClick: (event: MouseEvent<HTMLElement, MouseEvent>) => void; disabled: boolean; className: string | undefined; }' is not assignable to type 'Omit<Props, "ref">' with 'exactOptionalPropertyTypes: true'. Consider adding 'undefined' to the types of the target's properties.
  Types of property 'className' are incompatible.
    Type 'string | undefined' is not assignable to type 'string'.
      Type 'undefined' is not assignable to type 'string'.
app/components/ui/Dropdown.tsx(105,14): error TS2769: No overload matches this call.
  Overload 1 of 3, '(props: { href: string; } & MenuItemOwnProps & Omit<ButtonBaseOwnProps, "classes"> & CommonProps & Omit<Omit<DetailedHTMLProps<AnchorHTMLAttributes<HTMLAnchorElement>, HTMLAnchorElement>, "ref"> & { ...; }, "className" | ... 20 more ... | "divider">): Element', gave the following error.
    Property 'href' is missing in type '{ children: (false | "" | 0 | 0n | Element | null | undefined)[]; key: number; onClick: () => void; disabled: boolean | undefined; }' but required in type '{ href: string; }'.
  Overload 2 of 3, '(props: { component: ElementType<any, keyof IntrinsicElements>; } & MenuItemOwnProps & Omit<ButtonBaseOwnProps, "classes"> & CommonProps & Omit<...>): Element | null', gave the following error.
    Property 'component' is missing in type '{ children: (false | "" | 0 | 0n | Element | null | undefined)[]; key: number; onClick: () => void; disabled: boolean | undefined; }' but required in type '{ component: ElementType<any, keyof IntrinsicElements>; }'.
  Overload 3 of 3, '(props: DefaultComponentProps<ExtendButtonBaseTypeMap<MenuItemTypeMap<{}, "li">>>): Element | null', gave the following error.
    Type '{ children: (false | "" | 0 | 0n | Element | null | undefined)[]; key: number; onClick: () => void; disabled: boolean | undefined; }' is not assignable to type 'MenuItemOwnProps' with 'exactOptionalPropertyTypes: true'. Consider adding 'undefined' to the types of the target's properties.
      Types of property 'disabled' are incompatible.
        Type 'boolean | undefined' is not assignable to type 'boolean'.
          Type 'undefined' is not assignable to type 'boolean'.
app/components/ui/PullToRefresh.tsx(32,27): error TS2532: Object is possibly 'undefined'.
app/components/ui/PullToRefresh.tsx(40,23): error TS2532: Object is possibly 'undefined'.
app/components/ui/TableSort.tsx(26,36): error TS6133: 'event' is declared but its value is never read.
app/components/ui/TableSort.tsx(56,33): error TS2769: No overload matches this call.
  Overload 1 of 2, '(props: { component: "span"; } & BoxOwnProps<Theme> & Omit<Omit<DetailedHTMLProps<HTMLAttributes<HTMLSpanElement>, HTMLSpanElement>, "ref"> & { ...; }, keyof BoxOwnProps<...>>): Element | null', gave the following error.
    Type 'CSSProperties' is not assignable to type 'SxProps<Theme>'.
      Type 'Properties<string | number, string & {}>' is not assignable to type 'CSSSelectorObjectOrCssVariables<Theme>'.
        Index signature for type 'string' is missing in type 'Properties<string | number, string & {}>'.
  Overload 2 of 2, '(props: DefaultComponentProps<BoxTypeMap<{}, "div", Theme>>): Element | null', gave the following error.
    Type 'CSSProperties' is not assignable to type 'SxProps<Theme>'.
      Type 'Properties<string | number, string & {}>' is not assignable to type 'CSSSelectorObjectOrCssVariables<Theme>'.
        Index signature for type 'string' is missing in type 'Properties<string | number, string & {}>'.
